Using pre-set license
Built from '2020.2/staging' branch; Version is '2020.2.3f1 (8ff31bc5bf5b) revision 9433883'; Using compiler version '192528614'; Build Type 'Release'
OS: 'Windows 10 Pro; OS build 19042.746; Version 2009; 64bit' Language: 'ko' Physical Memory: 8067 MB
BatchMode: 1, IsHumanControllingUs: 0, StartBugReporterOnCrash: 0, Is64bit: 1, IsPro: 0

 COMMAND LINE ARGUMENTS:
C:\Program Files\Unity\Hub\Editor\2020.2.3f1\Editor\Unity.exe
-adb2
-batchMode
-noUpm
-name
AssetImportWorker0
-projectPath
C:/Users/Jyosun/Desktop/Unity_Game/JSGAME5_JustFire(Mobile)
-logFile
Logs/AssetImportWorker0.log
-srvPort
62777
Successfully changed project path to: C:/Users/Jyosun/Desktop/Unity_Game/JSGAME5_JustFire(Mobile)
C:/Users/Jyosun/Desktop/Unity_Game/JSGAME5_JustFire(Mobile)
Using Asset Import Pipeline V2.
Refreshing native plugins compatible for Editor in 44.65 ms, found 1 plugins.
Preloading 0 native plugins for Editor in 0.00 ms.
Initialize engine version: 2020.2.3f1 (8ff31bc5bf5b)
[Subsystems] Discovering subsystems at path C:/Program Files/Unity/Hub/Editor/2020.2.3f1/Editor/Data/Resources/UnitySubsystems
[Subsystems] Discovering subsystems at path C:/Users/Jyosun/Desktop/Unity_Game/JSGAME5_JustFire(Mobile)/Assets
GfxDevice: creating device client; threaded=0
Direct3D:
    Version:  Direct3D 11.0 [level 11.1]
    Renderer: NVIDIA GeForce GTX 1050 Ti (ID=0x1c8c)
    Vendor:   
    VRAM:     4021 MB
    Driver:   23.21.13.9125
Initialize mono
Mono path[0] = 'C:/Program Files/Unity/Hub/Editor/2020.2.3f1/Editor/Data/Managed'
Mono path[1] = 'C:/Program Files/Unity/Hub/Editor/2020.2.3f1/Editor/Data/MonoBleedingEdge/lib/mono/unityjit'
Mono config path = 'C:/Program Files/Unity/Hub/Editor/2020.2.3f1/Editor/Data/MonoBleedingEdge/etc'
Using monoOptions --debugger-agent=transport=dt_socket,embedding=1,server=y,suspend=n,address=127.0.0.1:56432
Begin MonoManager ReloadAssembly
Registering precompiled unity dll's ...
Register platform support module: C:/Program Files/Unity/Hub/Editor/2020.2.3f1/Editor/Data/PlaybackEngines/WindowsStandaloneSupport/UnityEditor.WindowsStandalone.Extensions.dll
Registered in 0.003891 seconds.
Native extension for WindowsStandalone target not found
Refreshing native plugins compatible for Editor in 50.77 ms, found 1 plugins.
Preloading 0 native plugins for Editor in 0.00 ms.
Invoked RoslynAnalysisRunner static constructor.
RoslynAnalysisRunner will not be running.
RoslynAnalysisRunner has terminated.
Mono: successfully reloaded assembly
- Completed reload, in  2.947 seconds
Platform modules already initialized, skipping
Registering precompiled user dll's ...
Registered in 0.002078 seconds.
Begin MonoManager ReloadAssembly
Native extension for WindowsStandalone target not found
Refreshing native plugins compatible for Editor in 185.00 ms, found 1 plugins.
Preloading 0 native plugins for Editor in 0.00 ms.
Invoked RoslynAnalysisRunner static constructor.
RoslynAnalysisRunner will not be running.
RoslynAnalysisRunner has terminated.
Mono: successfully reloaded assembly
- Completed reload, in  2.038 seconds
Platform modules already initialized, skipping
========================================================================
Worker process is ready to serve import requests
Launched and connected shader compiler UnityShaderCompiler.exe after 0.10 seconds
Refreshing native plugins compatible for Editor in 0.76 ms, found 1 plugins.
Preloading 0 native plugins for Editor in 0.00 ms.
Unloading 1803 Unused Serialized files (Serialized files now loaded: 0)
System memory in use before: 87.2 MB.
System memory in use after: 87.2 MB.

Unloading 24 unused Assets to reduce memory usage. Loaded Objects now: 2245.
Total: 5.801400 ms (FindLiveObjects: 0.490600 ms CreateObjectMapping: 0.447100 ms MarkObjects: 4.209100 ms  DeleteObjects: 0.651500 ms)

========================================================================
Received Import Request.
  path: Assets/Sounds/explosion04.wav
  artifactKey: Guid(ee23124464c420c49be992a399c2a3a0) Importer(815301076,1909f56bfc062723c751e8b465ee728b)
Start importing Assets/Sounds/explosion04.wav using Guid(ee23124464c420c49be992a399c2a3a0) Importer(815301076,1909f56bfc062723c751e8b465ee728b)  -> (artifact id: 'f8b60cb1f78b0e3f6e381574166a1f56') in 0.223681 seconds
  Import took 0.277518 seconds .

========================================================================
Received Import Request.
  Time since last request: 0.000496 seconds.
  path: Assets/Sounds/Can_t-Wait.wav
  artifactKey: Guid(3bbd059a9b471ec4cba788887ed2b6b8) Importer(815301076,1909f56bfc062723c751e8b465ee728b)
Start importing Assets/Sounds/Can_t-Wait.wav using Guid(3bbd059a9b471ec4cba788887ed2b6b8) Importer(815301076,1909f56bfc062723c751e8b465ee728b)  -> (artifact id: 'bdbe7e7de7701b8e4d7c208a92548c2d') in 0.017359 seconds
  Import took 0.022017 seconds .

========================================================================
Received Prepare
Registering precompiled user dll's ...
Registered in 0.001665 seconds.
Begin MonoManager ReloadAssembly
Native extension for WindowsStandalone target not found
Refreshing native plugins compatible for Editor in 0.35 ms, found 1 plugins.
Preloading 0 native plugins for Editor in 0.00 ms.
Invoked RoslynAnalysisRunner static constructor.
RoslynAnalysisRunner will not be running.
RoslynAnalysisRunner has terminated.
Mono: successfully reloaded assembly
- Completed reload, in  0.993 seconds
Platform modules already initialized, skipping
Switching build target platform(5) subTarget(0) extendedPlatform(0) -> platform(13) subTarget(537395200) extendedPlatform(0)
Refreshing native plugins compatible for Editor in 0.35 ms, found 1 plugins.
Preloading 0 native plugins for Editor in 0.00 ms.
Unloading 1801 Unused Serialized files (Serialized files now loaded: 0)
System memory in use before: 90.3 MB.
System memory in use after: 90.3 MB.

Unloading 12 unused Assets to reduce memory usage. Loaded Objects now: 2257.
Total: 2.767800 ms (FindLiveObjects: 0.607800 ms CreateObjectMapping: 0.197300 ms MarkObjects: 1.770700 ms  DeleteObjects: 0.189900 ms)

AssetImportParameters requested are different than current active one (requested -> active):
  custom:graphics/normal-map-encoding: 01000000000000000000000000000000 -> 02000000000000000000000000000000
========================================================================
Received Import Request.
  Time since last request: 38.594667 seconds.
  path: Assets/Scripts/GameManager.cs
  artifactKey: Guid(6ba49e73529b6324e86c090bb3ca645b) Importer(815301076,1909f56bfc062723c751e8b465ee728b)
Start importing Assets/Scripts/GameManager.cs using Guid(6ba49e73529b6324e86c090bb3ca645b) Importer(815301076,1909f56bfc062723c751e8b465ee728b)  -> (artifact id: 'bdd2dd83acdcf7bd1f452d018d3f9d53') in 0.010320 seconds
  Import took 0.013354 seconds .

========================================================================
Received Prepare
Refreshing native plugins compatible for Editor in 2.92 ms, found 1 plugins.
Preloading 0 native plugins for Editor in 0.00 ms.
Unloading 10 Unused Serialized files (Serialized files now loaded: 0)
System memory in use before: 55.0 MB.
System memory in use after: 55.0 MB.

Unloading 10 unused Assets to reduce memory usage. Loaded Objects now: 2257.
Total: 3.230700 ms (FindLiveObjects: 0.513300 ms CreateObjectMapping: 0.129300 ms MarkObjects: 2.435700 ms  DeleteObjects: 0.150400 ms)

AssetImportWorkerClient::OnTransportError - code=2 error=End of file
